\BOOKMARK [0][]{chapter*.6}{Abbildungsverzeichnis}{}
\BOOKMARK [0][]{chapter*.7}{Matlab1.05\256-Code Verzeichnis}{}
\BOOKMARK [0][]{chapter*.8}{Abk\374rzungsverzeichnes}{}
\BOOKMARK [0][]{chapter.1}{Einleitung}{}
\BOOKMARK [0][]{chapter.2}{Theoretische Problembetrachtung}{}
\BOOKMARK [1][]{section.2.1}{Erneuerbare Energien im Energieversorgungsnetz}{chapter.2}
\BOOKMARK [1][]{section.2.2}{K\344lteerzeugung im Supermarkt: Potentiale und Besonderheiten}{chapter.2}
\BOOKMARK [1][]{section.2.3}{Objektorientierte Programmierung mit Matlab1.05\256}{chapter.2}
\BOOKMARK [1][]{section.2.4}{Einf\374hrung in die K\344ltetechnik}{chapter.2}
\BOOKMARK [0][]{chapter.3}{Modellierung}{}
\BOOKMARK [1][]{section.3.1}{Aufgabenstellung}{chapter.3}
\BOOKMARK [1][]{section.3.2}{Erstellung des OOP-Modells}{chapter.3}
\BOOKMARK [1][]{section.3.3}{Handhabung des Programms}{chapter.3}
\BOOKMARK [2][]{subsection.3.3.1}{Systemanforderungen}{section.3.3}
\BOOKMARK [2][]{subsection.3.3.2}{Installation}{section.3.3}
\BOOKMARK [2][]{subsection.3.3.3}{Aufruf der Simulation}{section.3.3}
\BOOKMARK [0][]{chapter.4}{Simulation und Ergebnisse}{}
\BOOKMARK [0][]{appendix.A}{Anhang}{}
\BOOKMARK [1][]{section.A.1}{Anhang Example section}{appendix.A}
\BOOKMARK [0][]{section*.33}{Literaturverzeichnis}{}
